app/build/intermediates/manifest_merge_blame_file/debug/manifest-merger-blame-debug-report.txt
1<?xml version="1.0" encoding="utf-8"?>
2<manifest xmlns:android="http://schemas.android.com/apk/res/android"
3    package="com.example.sportmatch"
4    android:versionCode="1"
5    android:versionName="1.0" >
6
7    <uses-sdk
8        android:minSdkVersion="24"
8-->src\main\AndroidManifest.xml
9        android:targetSdkVersion="33" />
9-->src\main\AndroidManifest.xml
10
11    <uses-permission android:name="android.permission.READ_EXTERNAL_STORAGE" />
11-->src\main\AndroidManifest.xml:5:5-80
11-->src\main\AndroidManifest.xml:5:22-77
12    <uses-permission android:name="android.permission.ACCESS_FINE_LOCATION" />
12-->src\main\AndroidManifest.xml:6:5-79
12-->src\main\AndroidManifest.xml:6:22-76
13    <uses-permission android:name="android.permission.ACCESS_COARSE_LOCATION" />
13-->src\main\AndroidManifest.xml:7:5-81
13-->src\main\AndroidManifest.xml:7:22-78
14    <uses-permission android:name="android.permission.INTERNET" />
14-->src\main\AndroidManifest.xml:8:5-67
14-->src\main\AndroidManifest.xml:8:22-64
15
16    <!-- Although the *SdkVersion is captured in gradle build files, this is required for non gradle builds -->
17    <!-- <uses-sdk android:minSdkVersion="14"/> -->
18    <uses-permission android:name="android.permission.ACCESS_NETWORK_STATE" />
18-->[com.google.firebase:firebase-database:20.2.0] AndroidManifest.xml:24:5-79
18-->[com.google.firebase:firebase-database:20.2.0] AndroidManifest.xml:24:22-76
19
20    <uses-feature
20-->[com.google.android.gms:play-services-maps:18.1.0] AndroidManifest.xml:26:5-28:35
21        android:glEsVersion="0x00020000"
21-->[com.google.android.gms:play-services-maps:18.1.0] AndroidManifest.xml:27:9-41
22        android:required="true" />
22-->[com.google.android.gms:play-services-maps:18.1.0] AndroidManifest.xml:28:9-32
23
24    <queries>
24-->[com.google.android.gms:play-services-maps:18.1.0] AndroidManifest.xml:30:5-34:15
25
26        <!-- Needs to be explicitly declared on Android R+ -->
27        <package android:name="com.google.android.apps.maps" />
27-->[com.google.android.gms:play-services-maps:18.1.0] AndroidManifest.xml:33:9-64
27-->[com.google.android.gms:play-services-maps:18.1.0] AndroidManifest.xml:33:18-61
28    </queries>
29
30    <permission
30-->[androidx.core:core:1.9.0] AndroidManifest.xml:22:5-24:47
31        android:name="com.example.sportmatch.DYNAMIC_RECEIVER_NOT_EXPORTED_PERMISSION"
31-->[androidx.core:core:1.9.0] AndroidManifest.xml:23:9-81
32        android:protectionLevel="signature" />
32-->[androidx.core:core:1.9.0] AndroidManifest.xml:24:9-44
33
34    <uses-permission android:name="com.example.sportmatch.DYNAMIC_RECEIVER_NOT_EXPORTED_PERMISSION" />
34-->[androidx.core:core:1.9.0] AndroidManifest.xml:26:5-97
34-->[androidx.core:core:1.9.0] AndroidManifest.xml:26:22-94
35
36    <application
36-->src\main\AndroidManifest.xml:10:5-101:19
37        android:allowBackup="true"
37-->src\main\AndroidManifest.xml:11:9-35
38        android:appComponentFactory="androidx.core.app.CoreComponentFactory"
38-->[androidx.core:core:1.9.0] AndroidManifest.xml:28:18-86
39        android:dataExtractionRules="@xml/data_extraction_rules"
39-->src\main\AndroidManifest.xml:12:9-65
40        android:debuggable="true"
41        android:extractNativeLibs="false"
42        android:fullBackupContent="@xml/backup_rules"
42-->src\main\AndroidManifest.xml:13:9-54
43        android:icon="@mipmap/ic_launcher"
43-->src\main\AndroidManifest.xml:14:9-43
44        android:label="@string/app_name"
44-->src\main\AndroidManifest.xml:15:9-41
45        android:supportsRtl="true"
45-->src\main\AndroidManifest.xml:16:9-35
46        android:testOnly="true"
47        android:theme="@style/Theme.SportMatch" >
47-->src\main\AndroidManifest.xml:17:9-48
48        <meta-data
49            android:name="com.google.android.geo.API_KEY"
49-->src\main\AndroidManifest.xml:21:13-58
50            android:value="AIzaSyBC8Lri5ziGp9CFbXyS8rMeW-8IYaAOMyU" />
50-->src\main\AndroidManifest.xml:22:13-44
51
52        <activity
52-->src\main\AndroidManifest.xml:24:9-27:59
53            android:name="com.example.sportmatch.MapsActivity"
53-->src\main\AndroidManifest.xml:25:13-41
54            android:exported="false"
54-->src\main\AndroidManifest.xml:26:13-37
55            android:label="@string/title_activity_maps" />
55-->src\main\AndroidManifest.xml:27:13-56
56        <activity
56-->src\main\AndroidManifest.xml:28:9-30:40
57            android:name="com.example.sportmatch.ChatActivity"
57-->src\main\AndroidManifest.xml:29:13-41
58            android:exported="false" />
58-->src\main\AndroidManifest.xml:30:13-37
59        <activity
59-->src\main\AndroidManifest.xml:31:9-33:40
60            android:name="com.example.sportmatch.ViewProfileActivity"
60-->src\main\AndroidManifest.xml:32:13-48
61            android:exported="false" />
61-->src\main\AndroidManifest.xml:33:13-37
62        <activity
62-->src\main\AndroidManifest.xml:34:9-36:40
63            android:name="com.example.sportmatch.OnlyParticipatesEvents"
63-->src\main\AndroidManifest.xml:35:13-51
64            android:exported="false" />
64-->src\main\AndroidManifest.xml:36:13-37
65        <activity
65-->src\main\AndroidManifest.xml:37:9-39:40
66            android:name="com.example.sportmatch.AdminEventsActivity"
66-->src\main\AndroidManifest.xml:38:13-48
67            android:exported="false" />
67-->src\main\AndroidManifest.xml:39:13-37
68        <activity
68-->src\main\AndroidManifest.xml:40:9-42:40
69            android:name="com.example.sportmatch.BottomNavActivity"
69-->src\main\AndroidManifest.xml:41:13-46
70            android:exported="false" />
70-->src\main\AndroidManifest.xml:42:13-37
71        <activity
71-->src\main\AndroidManifest.xml:43:9-45:40
72            android:name="com.example.sportmatch.EditProfileActivity"
72-->src\main\AndroidManifest.xml:44:13-48
73            android:exported="false" />
73-->src\main\AndroidManifest.xml:45:13-37
74        <activity
74-->src\main\AndroidManifest.xml:46:9-48:40
75            android:name="com.example.sportmatch.ProfileActivity"
75-->src\main\AndroidManifest.xml:47:13-44
76            android:exported="false" />
76-->src\main\AndroidManifest.xml:48:13-37
77        <activity
77-->src\main\AndroidManifest.xml:49:9-53:67
78            android:name="com.example.sportmatch.MenuActivity"
78-->src\main\AndroidManifest.xml:50:13-41
79            android:exported="false"
79-->src\main\AndroidManifest.xml:51:13-37
80            android:label="@string/title_activity_menu"
80-->src\main\AndroidManifest.xml:52:13-56
81            android:theme="@style/Theme.SportMatch.NoActionBar" />
81-->src\main\AndroidManifest.xml:53:13-64
82        <activity
82-->src\main\AndroidManifest.xml:54:9-57:40
83            android:name="com.example.sportmatch.RegisterActivity"
83-->src\main\AndroidManifest.xml:55:13-45
84            android:exported="false"
84-->src\main\AndroidManifest.xml:57:13-37
85            android:windowSoftInputMode="adjustPan" />
85-->src\main\AndroidManifest.xml:56:13-52
86        <activity
86-->src\main\AndroidManifest.xml:58:9-60:40
87            android:name="com.example.sportmatch.LoginActivity"
87-->src\main\AndroidManifest.xml:59:13-42
88            android:exported="false" />
88-->src\main\AndroidManifest.xml:60:13-37
89        <activity
89-->src\main\AndroidManifest.xml:61:9-63:40
90            android:name="com.example.sportmatch.CreateEventActivity"
90-->src\main\AndroidManifest.xml:62:13-48
91            android:exported="false" />
91-->src\main\AndroidManifest.xml:63:13-37
92        <activity
92-->src\main\AndroidManifest.xml:64:9-66:40
93            android:name="com.example.sportmatch.EventDetailsActivity"
93-->src\main\AndroidManifest.xml:65:13-49
94            android:exported="false" />
94-->src\main\AndroidManifest.xml:66:13-37
95        <activity
95-->src\main\AndroidManifest.xml:67:9-69:36
96            android:name="com.example.sportmatch.EventDetailsAdminActivity"
96-->src\main\AndroidManifest.xml:68:13-54
97            android:exported="false" />
97-->src\main\AndroidManifest.xml:69:9-33
98        <activity
98-->src\main\AndroidManifest.xml:70:9-72:40
99            android:name="com.example.sportmatch.EventPreview"
99-->src\main\AndroidManifest.xml:71:13-41
100            android:exported="false" />
100-->src\main\AndroidManifest.xml:72:13-37
101        <activity
101-->src\main\AndroidManifest.xml:73:9-75:40
102            android:name="com.example.sportmatch.OtherProfileActivity"
102-->src\main\AndroidManifest.xml:74:13-49
103            android:exported="false" />
103-->src\main\AndroidManifest.xml:75:13-37
104        <activity
104-->src\main\AndroidManifest.xml:77:9-80:40
105            android:name="com.example.sportmatch.RequestActivity"
105-->src\main\AndroidManifest.xml:78:13-44
106            android:exported="false"
106-->src\main\AndroidManifest.xml:80:13-37
107            android:theme="@style/DialogActivityTheme" />
107-->src\main\AndroidManifest.xml:79:13-55
108        <!--
109            <activity
110            android:name=".RequestAdapter"
111            android:exported="false" />
112        -->
113        <activity
113-->src\main\AndroidManifest.xml:84:9-86:40
114            android:name="com.example.sportmatch.EditEventDetails"
114-->src\main\AndroidManifest.xml:85:13-45
115            android:exported="false" />
115-->src\main\AndroidManifest.xml:86:13-37
116        <activity
116-->src\main\AndroidManifest.xml:88:9-96:20
117            android:name="com.example.sportmatch.MainActivity"
117-->src\main\AndroidManifest.xml:89:13-41
118            android:exported="true" >
118-->src\main\AndroidManifest.xml:90:13-36
119            <intent-filter>
119-->src\main\AndroidManifest.xml:91:13-95:29
120                <action android:name="android.intent.action.MAIN" />
120-->src\main\AndroidManifest.xml:92:17-69
120-->src\main\AndroidManifest.xml:92:25-66
121
122                <category android:name="android.intent.category.LAUNCHER" />
122-->src\main\AndroidManifest.xml:94:17-77
122-->src\main\AndroidManifest.xml:94:27-74
123            </intent-filter>
124        </activity>
125
126        <meta-data
126-->src\main\AndroidManifest.xml:98:9-100:57
127            android:name="preloaded_fonts"
127-->src\main\AndroidManifest.xml:99:13-43
128            android:resource="@array/preloaded_fonts" />
128-->src\main\AndroidManifest.xml:100:13-54
129
130        <service
130-->[com.google.firebase:firebase-database-ktx:20.2.0] AndroidManifest.xml:11:9-17:19
131            android:name="com.google.firebase.components.ComponentDiscoveryService"
131-->[com.google.firebase:firebase-database-ktx:20.2.0] AndroidManifest.xml:12:13-84
132            android:directBootAware="true"
132-->[com.google.firebase:firebase-common:20.3.2] AndroidManifest.xml:34:13-43
133            android:exported="false" >
133-->[com.google.firebase:firebase-database-ktx:20.2.0] AndroidManifest.xml:13:13-37
134            <meta-data
134-->[com.google.firebase:firebase-database-ktx:20.2.0] AndroidManifest.xml:14:13-16:85
135                android:name="com.google.firebase.components:com.google.firebase.database.ktx.FirebaseDatabaseKtxRegistrar"
135-->[com.google.firebase:firebase-database-ktx:20.2.0] AndroidManifest.xml:15:17-124
136                android:value="com.google.firebase.components.ComponentRegistrar" />
136-->[com.google.firebase:firebase-database-ktx:20.2.0] AndroidManifest.xml:16:17-82
137            <meta-data
137-->[com.google.firebase:firebase-database:20.2.0] AndroidManifest.xml:31:13-33:85
138                android:name="com.google.firebase.components:com.google.firebase.database.DatabaseRegistrar"
138-->[com.google.firebase:firebase-database:20.2.0] AndroidManifest.xml:32:17-109
139                android:value="com.google.firebase.components.ComponentRegistrar" />
139-->[com.google.firebase:firebase-database:20.2.0] AndroidManifest.xml:33:17-82
140            <meta-data
140-->[com.google.firebase:firebase-auth:21.3.0] AndroidManifest.xml:69:13-71:85
141                android:name="com.google.firebase.components:com.google.firebase.auth.FirebaseAuthRegistrar"
141-->[com.google.firebase:firebase-auth:21.3.0] AndroidManifest.xml:70:17-109
142                android:value="com.google.firebase.components.ComponentRegistrar" />
142-->[com.google.firebase:firebase-auth:21.3.0] AndroidManifest.xml:71:17-82
143            <meta-data
143-->[com.google.firebase:firebase-storage-ktx:20.1.0] AndroidManifest.xml:14:13-16:85
144                android:name="com.google.firebase.components:com.google.firebase.storage.ktx.FirebaseStorageKtxRegistrar"
144-->[com.google.firebase:firebase-storage-ktx:20.1.0] AndroidManifest.xml:15:17-122
145                android:value="com.google.firebase.components.ComponentRegistrar" />
145-->[com.google.firebase:firebase-storage-ktx:20.1.0] AndroidManifest.xml:16:17-82
146            <meta-data
146-->[com.google.firebase:firebase-storage:20.1.0] AndroidManifest.xml:32:13-34:85
147                android:name="com.google.firebase.components:com.google.firebase.storage.StorageRegistrar"
147-->[com.google.firebase:firebase-storage:20.1.0] AndroidManifest.xml:33:17-107
148                android:value="com.google.firebase.components.ComponentRegistrar" />
148-->[com.google.firebase:firebase-storage:20.1.0] AndroidManifest.xml:34:17-82
149            <meta-data
149-->[com.google.firebase:firebase-common-ktx:20.3.2] AndroidManifest.xml:14:13-16:85
150                android:name="com.google.firebase.components:com.google.firebase.ktx.FirebaseCommonKtxRegistrar"
150-->[com.google.firebase:firebase-common-ktx:20.3.2] AndroidManifest.xml:15:17-113
151                android:value="com.google.firebase.components.ComponentRegistrar" />
151-->[com.google.firebase:firebase-common-ktx:20.3.2] AndroidManifest.xml:16:17-82
152        </service>
153
154        <activity
154-->[com.google.firebase:firebase-auth:21.3.0] AndroidManifest.xml:29:9-46:20
155            android:name="com.google.firebase.auth.internal.GenericIdpActivity"
155-->[com.google.firebase:firebase-auth:21.3.0] AndroidManifest.xml:30:13-80
156            android:excludeFromRecents="true"
156-->[com.google.firebase:firebase-auth:21.3.0] AndroidManifest.xml:31:13-46
157            android:exported="true"
157-->[com.google.firebase:firebase-auth:21.3.0] AndroidManifest.xml:32:13-36
158            android:launchMode="singleTask"
158-->[com.google.firebase:firebase-auth:21.3.0] AndroidManifest.xml:33:13-44
159            android:theme="@android:style/Theme.Translucent.NoTitleBar" >
159-->[com.google.firebase:firebase-auth:21.3.0] AndroidManifest.xml:34:13-72
160            <intent-filter>
160-->[com.google.firebase:firebase-auth:21.3.0] AndroidManifest.xml:35:13-45:29
161                <action android:name="android.intent.action.VIEW" />
161-->[com.google.firebase:firebase-auth:21.3.0] AndroidManifest.xml:36:17-69
161-->[com.google.firebase:firebase-auth:21.3.0] AndroidManifest.xml:36:25-66
162
163                <category android:name="android.intent.category.DEFAULT" />
163-->[com.google.firebase:firebase-auth:21.3.0] AndroidManifest.xml:38:17-76
163-->[com.google.firebase:firebase-auth:21.3.0] AndroidManifest.xml:38:27-73
164                <category android:name="android.intent.category.BROWSABLE" />
164-->[com.google.firebase:firebase-auth:21.3.0] AndroidManifest.xml:39:17-78
164-->[com.google.firebase:firebase-auth:21.3.0] AndroidManifest.xml:39:27-75
165
166                <data
166-->[com.google.firebase:firebase-auth:21.3.0] AndroidManifest.xml:41:17-44:51
167                    android:host="firebase.auth"
167-->[com.google.firebase:firebase-auth:21.3.0] AndroidManifest.xml:42:21-49
168                    android:path="/"
168-->[com.google.firebase:firebase-auth:21.3.0] AndroidManifest.xml:43:21-37
169                    android:scheme="genericidp" />
169-->[com.google.firebase:firebase-auth:21.3.0] AndroidManifest.xml:44:21-48
170            </intent-filter>
171        </activity>
172        <activity
172-->[com.google.firebase:firebase-auth:21.3.0] AndroidManifest.xml:47:9-64:20
173            android:name="com.google.firebase.auth.internal.RecaptchaActivity"
173-->[com.google.firebase:firebase-auth:21.3.0] AndroidManifest.xml:48:13-79
174            android:excludeFromRecents="true"
174-->[com.google.firebase:firebase-auth:21.3.0] AndroidManifest.xml:49:13-46
175            android:exported="true"
175-->[com.google.firebase:firebase-auth:21.3.0] AndroidManifest.xml:50:13-36
176            android:launchMode="singleTask"
176-->[com.google.firebase:firebase-auth:21.3.0] AndroidManifest.xml:51:13-44
177            android:theme="@android:style/Theme.Translucent.NoTitleBar" >
177-->[com.google.firebase:firebase-auth:21.3.0] AndroidManifest.xml:52:13-72
178            <intent-filter>
178-->[com.google.firebase:firebase-auth:21.3.0] AndroidManifest.xml:53:13-63:29
179                <action android:name="android.intent.action.VIEW" />
179-->[com.google.firebase:firebase-auth:21.3.0] AndroidManifest.xml:36:17-69
179-->[com.google.firebase:firebase-auth:21.3.0] AndroidManifest.xml:36:25-66
180
181                <category android:name="android.intent.category.DEFAULT" />
181-->[com.google.firebase:firebase-auth:21.3.0] AndroidManifest.xml:38:17-76
181-->[com.google.firebase:firebase-auth:21.3.0] AndroidManifest.xml:38:27-73
182                <category android:name="android.intent.category.BROWSABLE" />
182-->[com.google.firebase:firebase-auth:21.3.0] AndroidManifest.xml:39:17-78
182-->[com.google.firebase:firebase-auth:21.3.0] AndroidManifest.xml:39:27-75
183
184                <data
184-->[com.google.firebase:firebase-auth:21.3.0] AndroidManifest.xml:41:17-44:51
185                    android:host="firebase.auth"
185-->[com.google.firebase:firebase-auth:21.3.0] AndroidManifest.xml:42:21-49
186                    android:path="/"
186-->[com.google.firebase:firebase-auth:21.3.0] AndroidManifest.xml:43:21-37
187                    android:scheme="recaptcha" />
187-->[com.google.firebase:firebase-auth:21.3.0] AndroidManifest.xml:44:21-48
188            </intent-filter>
189        </activity> <!-- Needs to be explicitly declared on P+ -->
190        <uses-library
190-->[com.google.android.gms:play-services-maps:18.1.0] AndroidManifest.xml:39:9-41:40
191            android:name="org.apache.http.legacy"
191-->[com.google.android.gms:play-services-maps:18.1.0] AndroidManifest.xml:40:13-50
192            android:required="false" />
192-->[com.google.android.gms:play-services-maps:18.1.0] AndroidManifest.xml:41:13-37
193
194        <activity
194-->[com.google.android.gms:play-services-base:18.1.0] AndroidManifest.xml:20:9-22:45
195            android:name="com.google.android.gms.common.api.GoogleApiActivity"
195-->[com.google.android.gms:play-services-base:18.1.0] AndroidManifest.xml:20:19-85
196            android:exported="false"
196-->[com.google.android.gms:play-services-base:18.1.0] AndroidManifest.xml:22:19-43
197            android:theme="@android:style/Theme.Translucent.NoTitleBar" />
197-->[com.google.android.gms:play-services-base:18.1.0] AndroidManifest.xml:21:19-78
198
199        <provider
199-->[com.google.firebase:firebase-common:20.3.2] AndroidManifest.xml:25:9-30:39
200            android:name="com.google.firebase.provider.FirebaseInitProvider"
200-->[com.google.firebase:firebase-common:20.3.2] AndroidManifest.xml:26:13-77
201            android:authorities="com.example.sportmatch.firebaseinitprovider"
201-->[com.google.firebase:firebase-common:20.3.2] AndroidManifest.xml:27:13-72
202            android:directBootAware="true"
202-->[com.google.firebase:firebase-common:20.3.2] AndroidManifest.xml:28:13-43
203            android:exported="false"
203-->[com.google.firebase:firebase-common:20.3.2] AndroidManifest.xml:29:13-37
204            android:initOrder="100" />
204-->[com.google.firebase:firebase-common:20.3.2] AndroidManifest.xml:30:13-36
205
206        <uses-library
206-->[androidx.window:window:1.0.0] AndroidManifest.xml:25:9-27:40
207            android:name="androidx.window.extensions"
207-->[androidx.window:window:1.0.0] AndroidManifest.xml:26:13-54
208            android:required="false" />
208-->[androidx.window:window:1.0.0] AndroidManifest.xml:27:13-37
209        <uses-library
209-->[androidx.window:window:1.0.0] AndroidManifest.xml:28:9-30:40
210            android:name="androidx.window.sidecar"
210-->[androidx.window:window:1.0.0] AndroidManifest.xml:29:13-51
211            android:required="false" />
211-->[androidx.window:window:1.0.0] AndroidManifest.xml:30:13-37
212
213        <meta-data
213-->[com.google.android.gms:play-services-basement:18.1.0] AndroidManifest.xml:21:9-23:69
214            android:name="com.google.android.gms.version"
214-->[com.google.android.gms:play-services-basement:18.1.0] AndroidManifest.xml:22:13-58
215            android:value="@integer/google_play_services_version" />
215-->[com.google.android.gms:play-services-basement:18.1.0] AndroidManifest.xml:23:13-66
216
217        <provider
217-->[androidx.emoji2:emoji2:1.2.0] AndroidManifest.xml:24:9-32:20
218            android:name="androidx.startup.InitializationProvider"
218-->[androidx.emoji2:emoji2:1.2.0] AndroidManifest.xml:25:13-67
219            android:authorities="com.example.sportmatch.androidx-startup"
219-->[androidx.emoji2:emoji2:1.2.0] AndroidManifest.xml:26:13-68
220            android:exported="false" >
220-->[androidx.emoji2:emoji2:1.2.0] AndroidManifest.xml:27:13-37
221            <meta-data
221-->[androidx.emoji2:emoji2:1.2.0] AndroidManifest.xml:29:13-31:52
222                android:name="androidx.emoji2.text.EmojiCompatInitializer"
222-->[androidx.emoji2:emoji2:1.2.0] AndroidManifest.xml:30:17-75
223                android:value="androidx.startup" />
223-->[androidx.emoji2:emoji2:1.2.0] AndroidManifest.xml:31:17-49
224            <meta-data
224-->[androidx.lifecycle:lifecycle-process:2.4.1] AndroidManifest.xml:31:13-33:52
225                android:name="androidx.lifecycle.ProcessLifecycleInitializer"
225-->[androidx.lifecycle:lifecycle-process:2.4.1] AndroidManifest.xml:32:17-78
226                android:value="androidx.startup" />
226-->[androidx.lifecycle:lifecycle-process:2.4.1] AndroidManifest.xml:33:17-49
227        </provider>
228    </application>
229
230</manifest>